<?xml version="1.0" encoding="UTF-8"?>
<testng-results skipped="0" failed="0" ignored="0" total="8" passed="8">
  <reporter-output>
  </reporter-output>
  <suite name="All Test Suite" duration-ms="102787" started-at="2023-01-23T18:02:27 CST" finished-at="2023-01-23T18:04:09 CST">
    <groups>
    </groups>
    <test name="/Users/ab/IdeaProjects/testng_initial_project_5/src/test/java/scripts/TechGlobalLoginFormTest.java" duration-ms="102787" started-at="2023-01-23T18:02:27 CST" finished-at="2023-01-23T18:04:09 CST">
      <class name="scripts.TechGlobalLoginFormTest">
        <test-method status="PASS" signature="setup()[pri:0, instance:scripts.TechGlobalLoginFormTest@53b32d7]" name="setup" is-config="true" duration-ms="11736" started-at="2023-01-23T18:02:27 CST" finished-at="2023-01-23T18:02:38 CST">
          <reporter-output>
          </reporter-output>
        </test-method> <!-- setup -->
        <test-method status="PASS" signature="setPage()[pri:0, instance:scripts.TechGlobalLoginFormTest@53b32d7]" name="setPage" is-config="true" duration-ms="2057" started-at="2023-01-23T18:02:38 CST" finished-at="2023-01-23T18:02:40 CST">
          <reporter-output>
          </reporter-output>
        </test-method> <!-- setPage -->
        <test-method status="PASS" signature="validateTechGlobalLoginFormCard()[pri:1, instance:scripts.TechGlobalLoginFormTest@53b32d7]" name="validateTechGlobalLoginFormCard" duration-ms="410" started-at="2023-01-23T18:02:40 CST" finished-at="2023-01-23T18:02:41 CST">
          <reporter-output>
          </reporter-output>
        </test-method> <!-- validateTechGlobalLoginFormCard -->
        <test-method status="PASS" signature="teardown()[pri:0, instance:scripts.TechGlobalLoginFormTest@53b32d7]" name="teardown" is-config="true" duration-ms="86" started-at="2023-01-23T18:02:41 CST" finished-at="2023-01-23T18:02:41 CST">
          <reporter-output>
          </reporter-output>
        </test-method> <!-- teardown -->
        <test-method status="PASS" signature="setup()[pri:0, instance:scripts.TechGlobalLoginFormTest@53b32d7]" name="setup" is-config="true" duration-ms="8240" started-at="2023-01-23T18:02:41 CST" finished-at="2023-01-23T18:02:49 CST">
          <reporter-output>
          </reporter-output>
        </test-method> <!-- setup -->
        <test-method status="PASS" signature="setPage()[pri:0, instance:scripts.TechGlobalLoginFormTest@53b32d7]" name="setPage" is-config="true" duration-ms="2018" started-at="2023-01-23T18:02:49 CST" finished-at="2023-01-23T18:02:51 CST">
          <reporter-output>
          </reporter-output>
        </test-method> <!-- setPage -->
        <test-method status="PASS" signature="validateTechGlobalLoginFormCardValidLogin()[pri:2, instance:scripts.TechGlobalLoginFormTest@53b32d7]" name="validateTechGlobalLoginFormCardValidLogin" duration-ms="2306" started-at="2023-01-23T18:02:51 CST" finished-at="2023-01-23T18:02:54 CST">
          <reporter-output>
          </reporter-output>
        </test-method> <!-- validateTechGlobalLoginFormCardValidLogin -->
        <test-method status="PASS" signature="teardown()[pri:0, instance:scripts.TechGlobalLoginFormTest@53b32d7]" name="teardown" is-config="true" duration-ms="85" started-at="2023-01-23T18:02:54 CST" finished-at="2023-01-23T18:02:54 CST">
          <reporter-output>
          </reporter-output>
        </test-method> <!-- teardown -->
        <test-method status="PASS" signature="setup()[pri:0, instance:scripts.TechGlobalLoginFormTest@53b32d7]" name="setup" is-config="true" duration-ms="7743" started-at="2023-01-23T18:02:54 CST" finished-at="2023-01-23T18:03:01 CST">
          <reporter-output>
          </reporter-output>
        </test-method> <!-- setup -->
        <test-method status="PASS" signature="setPage()[pri:0, instance:scripts.TechGlobalLoginFormTest@53b32d7]" name="setPage" is-config="true" duration-ms="2025" started-at="2023-01-23T18:03:01 CST" finished-at="2023-01-23T18:03:03 CST">
          <reporter-output>
          </reporter-output>
        </test-method> <!-- setPage -->
        <test-method status="PASS" signature="validateTechGlobalLoginFormCardValidLoginAndThenLogout()[pri:3, instance:scripts.TechGlobalLoginFormTest@53b32d7]" name="validateTechGlobalLoginFormCardValidLoginAndThenLogout" duration-ms="2653" started-at="2023-01-23T18:03:03 CST" finished-at="2023-01-23T18:03:06 CST">
          <reporter-output>
          </reporter-output>
        </test-method> <!-- validateTechGlobalLoginFormCardValidLoginAndThenLogout -->
        <test-method status="PASS" signature="teardown()[pri:0, instance:scripts.TechGlobalLoginFormTest@53b32d7]" name="teardown" is-config="true" duration-ms="88" started-at="2023-01-23T18:03:06 CST" finished-at="2023-01-23T18:03:06 CST">
          <reporter-output>
          </reporter-output>
        </test-method> <!-- teardown -->
        <test-method status="PASS" signature="setup()[pri:0, instance:scripts.TechGlobalLoginFormTest@53b32d7]" name="setup" is-config="true" duration-ms="7873" started-at="2023-01-23T18:03:06 CST" finished-at="2023-01-23T18:03:14 CST">
          <reporter-output>
          </reporter-output>
        </test-method> <!-- setup -->
        <test-method status="PASS" signature="setPage()[pri:0, instance:scripts.TechGlobalLoginFormTest@53b32d7]" name="setPage" is-config="true" duration-ms="1907" started-at="2023-01-23T18:03:14 CST" finished-at="2023-01-23T18:03:16 CST">
          <reporter-output>
          </reporter-output>
        </test-method> <!-- setPage -->
        <test-method status="PASS" signature="validateTechGlobalLoginFormCardForgotPasswordLinkAndResetPasswordPage()[pri:4, instance:scripts.TechGlobalLoginFormTest@53b32d7]" name="validateTechGlobalLoginFormCardForgotPasswordLinkAndResetPasswordPage" duration-ms="404" started-at="2023-01-23T18:03:16 CST" finished-at="2023-01-23T18:03:16 CST">
          <reporter-output>
          </reporter-output>
        </test-method> <!-- validateTechGlobalLoginFormCardForgotPasswordLinkAndResetPasswordPage -->
        <test-method status="PASS" signature="teardown()[pri:0, instance:scripts.TechGlobalLoginFormTest@53b32d7]" name="teardown" is-config="true" duration-ms="82" started-at="2023-01-23T18:03:16 CST" finished-at="2023-01-23T18:03:16 CST">
          <reporter-output>
          </reporter-output>
        </test-method> <!-- teardown -->
        <test-method status="PASS" signature="setup()[pri:0, instance:scripts.TechGlobalLoginFormTest@53b32d7]" name="setup" is-config="true" duration-ms="7685" started-at="2023-01-23T18:03:16 CST" finished-at="2023-01-23T18:03:24 CST">
          <reporter-output>
          </reporter-output>
        </test-method> <!-- setup -->
        <test-method status="PASS" signature="setPage()[pri:0, instance:scripts.TechGlobalLoginFormTest@53b32d7]" name="setPage" is-config="true" duration-ms="2133" started-at="2023-01-23T18:03:24 CST" finished-at="2023-01-23T18:03:26 CST">
          <reporter-output>
          </reporter-output>
        </test-method> <!-- setPage -->
        <test-method status="PASS" signature="validateTechGlobalLoginFormCardResetPasswordLink()[pri:5, instance:scripts.TechGlobalLoginFormTest@53b32d7]" name="validateTechGlobalLoginFormCardResetPasswordLink" duration-ms="320" started-at="2023-01-23T18:03:26 CST" finished-at="2023-01-23T18:03:27 CST">
          <reporter-output>
          </reporter-output>
        </test-method> <!-- validateTechGlobalLoginFormCardResetPasswordLink -->
        <test-method status="PASS" signature="teardown()[pri:0, instance:scripts.TechGlobalLoginFormTest@53b32d7]" name="teardown" is-config="true" duration-ms="82" started-at="2023-01-23T18:03:27 CST" finished-at="2023-01-23T18:03:27 CST">
          <reporter-output>
          </reporter-output>
        </test-method> <!-- teardown -->
        <test-method status="PASS" signature="setup()[pri:0, instance:scripts.TechGlobalLoginFormTest@53b32d7]" name="setup" is-config="true" duration-ms="8063" started-at="2023-01-23T18:03:27 CST" finished-at="2023-01-23T18:03:35 CST">
          <reporter-output>
          </reporter-output>
        </test-method> <!-- setup -->
        <test-method status="PASS" signature="setPage()[pri:0, instance:scripts.TechGlobalLoginFormTest@53b32d7]" name="setPage" is-config="true" duration-ms="1934" started-at="2023-01-23T18:03:35 CST" finished-at="2023-01-23T18:03:37 CST">
          <reporter-output>
          </reporter-output>
        </test-method> <!-- setPage -->
        <test-method status="PASS" signature="validateTechGlobalLoginFormCardInvalidLoginWithWrongUsername()[pri:6, instance:scripts.TechGlobalLoginFormTest@53b32d7]" name="validateTechGlobalLoginFormCardInvalidLoginWithWrongUsername" duration-ms="3809" started-at="2023-01-23T18:03:37 CST" finished-at="2023-01-23T18:03:40 CST">
          <reporter-output>
          </reporter-output>
        </test-method> <!-- validateTechGlobalLoginFormCardInvalidLoginWithWrongUsername -->
        <test-method status="PASS" signature="teardown()[pri:0, instance:scripts.TechGlobalLoginFormTest@53b32d7]" name="teardown" is-config="true" duration-ms="86" started-at="2023-01-23T18:03:40 CST" finished-at="2023-01-23T18:03:40 CST">
          <reporter-output>
          </reporter-output>
        </test-method> <!-- teardown -->
        <test-method status="PASS" signature="setup()[pri:0, instance:scripts.TechGlobalLoginFormTest@53b32d7]" name="setup" is-config="true" duration-ms="9164" started-at="2023-01-23T18:03:40 CST" finished-at="2023-01-23T18:03:50 CST">
          <reporter-output>
          </reporter-output>
        </test-method> <!-- setup -->
        <test-method status="PASS" signature="setPage()[pri:0, instance:scripts.TechGlobalLoginFormTest@53b32d7]" name="setPage" is-config="true" duration-ms="1946" started-at="2023-01-23T18:03:50 CST" finished-at="2023-01-23T18:03:52 CST">
          <reporter-output>
          </reporter-output>
        </test-method> <!-- setPage -->
        <test-method status="PASS" signature="validateTechGlobalLoginFormCardInvalidLoginWithWrongPassword()[pri:7, instance:scripts.TechGlobalLoginFormTest@53b32d7]" name="validateTechGlobalLoginFormCardInvalidLoginWithWrongPassword" duration-ms="3915" started-at="2023-01-23T18:03:52 CST" finished-at="2023-01-23T18:03:56 CST">
          <reporter-output>
          </reporter-output>
        </test-method> <!-- validateTechGlobalLoginFormCardInvalidLoginWithWrongPassword -->
        <test-method status="PASS" signature="teardown()[pri:0, instance:scripts.TechGlobalLoginFormTest@53b32d7]" name="teardown" is-config="true" duration-ms="85" started-at="2023-01-23T18:03:56 CST" finished-at="2023-01-23T18:03:56 CST">
          <reporter-output>
          </reporter-output>
        </test-method> <!-- teardown -->
        <test-method status="PASS" signature="setup()[pri:0, instance:scripts.TechGlobalLoginFormTest@53b32d7]" name="setup" is-config="true" duration-ms="7876" started-at="2023-01-23T18:03:56 CST" finished-at="2023-01-23T18:04:03 CST">
          <reporter-output>
          </reporter-output>
        </test-method> <!-- setup -->
        <test-method status="PASS" signature="setPage()[pri:0, instance:scripts.TechGlobalLoginFormTest@53b32d7]" name="setPage" is-config="true" duration-ms="2056" started-at="2023-01-23T18:04:03 CST" finished-at="2023-01-23T18:04:06 CST">
          <reporter-output>
          </reporter-output>
        </test-method> <!-- setPage -->
        <test-method status="PASS" signature="validateTechGlobalLoginFormCardInvalidLoginWithBothWrongCredentials()[pri:8, instance:scripts.TechGlobalLoginFormTest@53b32d7]" name="validateTechGlobalLoginFormCardInvalidLoginWithBothWrongCredentials" duration-ms="3752" started-at="2023-01-23T18:04:06 CST" finished-at="2023-01-23T18:04:09 CST">
          <reporter-output>
          </reporter-output>
        </test-method> <!-- validateTechGlobalLoginFormCardInvalidLoginWithBothWrongCredentials -->
        <test-method status="PASS" signature="teardown()[pri:0, instance:scripts.TechGlobalLoginFormTest@53b32d7]" name="teardown" is-config="true" duration-ms="84" started-at="2023-01-23T18:04:09 CST" finished-at="2023-01-23T18:04:09 CST">
          <reporter-output>
          </reporter-output>
        </test-method> <!-- teardown -->
      </class> <!-- scripts.TechGlobalLoginFormTest -->
    </test> <!-- /Users/ab/IdeaProjects/testng_initial_project_5/src/test/java/scripts/TechGlobalLoginFormTest.java -->
  </suite> <!-- All Test Suite -->
</testng-results>
