<?xml version="1.0" encoding="UTF-8"?>
<!-- Generated by org.testng.reporters.JUnitXMLReporter -->
<testsuite hostname="Air-Vladislav.local.tld" ignored="0" name="/Users/ab/IdeaProjects/testng_initial_project_5/src/test/java/scripts/TechGlobalLoginFormTest.java" tests="8" failures="0" timestamp="2023-01-23T18:04:09 CST" time="102.787" errors="0">
  <testcase name="validateTechGlobalLoginFormCard" time="0.41" classname="scripts.TechGlobalLoginFormTest"/>
  <testcase name="validateTechGlobalLoginFormCardValidLogin" time="2.306" classname="scripts.TechGlobalLoginFormTest"/>
  <testcase name="validateTechGlobalLoginFormCardValidLoginAndThenLogout" time="2.653" classname="scripts.TechGlobalLoginFormTest"/>
  <testcase name="validateTechGlobalLoginFormCardForgotPasswordLinkAndResetPasswordPage" time="0.404" classname="scripts.TechGlobalLoginFormTest"/>
  <testcase name="validateTechGlobalLoginFormCardResetPasswordLink" time="0.32" classname="scripts.TechGlobalLoginFormTest"/>
  <testcase name="validateTechGlobalLoginFormCardInvalidLoginWithWrongUsername" time="3.809" classname="scripts.TechGlobalLoginFormTest"/>
  <testcase name="validateTechGlobalLoginFormCardInvalidLoginWithWrongPassword" time="3.915" classname="scripts.TechGlobalLoginFormTest"/>
  <testcase name="validateTechGlobalLoginFormCardInvalidLoginWithBothWrongCredentials" time="3.752" classname="scripts.TechGlobalLoginFormTest"/>
</testsuite> <!-- /Users/ab/IdeaProjects/testng_initial_project_5/src/test/java/scripts/TechGlobalLoginFormTest.java -->
